0 info it worked if it ends with ok
1 verbose cli [ 'C:\\Program Files (x86)\\nodejs\\\\node.exe',
1 verbose cli   'C:\\Program Files (x86)\\nodejs\\node_modules\\npm\\bin\\npm-cli.js',
1 verbose cli   'install',
1 verbose cli   'gulp' ]
2 info using npm@1.3.8
3 info using node@v0.10.18
4 verbose node symlink C:\Program Files (x86)\nodejs\\node.exe
5 verbose readDependencies using package.json deps
6 verbose cache add [ 'gulp', null ]
7 verbose cache add name=undefined spec="gulp" args=["gulp",null]
8 verbose parsed url { protocol: null,
8 verbose parsed url   slashes: null,
8 verbose parsed url   auth: null,
8 verbose parsed url   host: null,
8 verbose parsed url   port: null,
8 verbose parsed url   hostname: null,
8 verbose parsed url   hash: null,
8 verbose parsed url   search: null,
8 verbose parsed url   query: null,
8 verbose parsed url   pathname: 'gulp',
8 verbose parsed url   path: 'gulp',
8 verbose parsed url   href: 'gulp' }
9 silly lockFile 9750c68d-gulp gulp
10 verbose lock gulp C:\Users\Dubai Computers\AppData\Roaming\npm-cache\9750c68d-gulp.lock
11 silly lockFile 9750c68d-gulp gulp
12 silly lockFile 9750c68d-gulp gulp
13 verbose addNamed [ 'gulp', '' ]
14 verbose addNamed [ null, '*' ]
15 silly lockFile 72f4391e-gulp gulp@
16 verbose lock gulp@ C:\Users\Dubai Computers\AppData\Roaming\npm-cache\72f4391e-gulp.lock
17 silly addNameRange { name: 'gulp', range: '*', hasData: false }
18 verbose url raw gulp
19 verbose url resolving [ 'https://registry.npmjs.org/', './gulp' ]
20 verbose url resolved https://registry.npmjs.org/gulp
21 info trying registry request attempt 1 at 21:50:10
22 http GET https://registry.npmjs.org/gulp
23 info retry will retry, error on last attempt: Error: CERT_UNTRUSTED
24 info trying registry request attempt 2 at 21:50:20
25 http GET https://registry.npmjs.org/gulp
26 info retry will retry, error on last attempt: Error: CERT_UNTRUSTED
27 info trying registry request attempt 3 at 21:51:21
28 http GET https://registry.npmjs.org/gulp
29 silly lockFile 72f4391e-gulp gulp@
30 silly lockFile 72f4391e-gulp gulp@
31 error Error: CERT_UNTRUSTED
31 error     at SecurePair.<anonymous> (tls.js:1357:32)
31 error     at SecurePair.EventEmitter.emit (events.js:92:17)
31 error     at SecurePair.maybeInitFinished (tls.js:970:10)
31 error     at CleartextStream.read [as _read] (tls.js:463:15)
31 error     at CleartextStream.Readable.read (_stream_readable.js:320:10)
31 error     at EncryptedStream.write [as _write] (tls.js:366:25)
31 error     at doWrite (_stream_writable.js:221:10)
31 error     at writeOrBuffer (_stream_writable.js:211:5)
31 error     at EncryptedStream.Writable.write (_stream_writable.js:180:11)
31 error     at write (_stream_readable.js:583:24)
32 error If you need help, you may report this log at:
32 error     <http://github.com/isaacs/npm/issues>
32 error or email it to:
32 error     <npm-@googlegroups.com>
33 error System Windows_NT 6.2.9200
34 error command "C:\\Program Files (x86)\\nodejs\\\\node.exe" "C:\\Program Files (x86)\\nodejs\\node_modules\\npm\\bin\\npm-cli.js" "install" "gulp"
35 error cwd C:\xampp\htdocs\myblogger
36 error node -v v0.10.18
37 error npm -v 1.3.8
38 verbose exit [ 1, true ]
